<?xml version="1.0" encoding="UTF-8"?>
<!-- Generated by org.testng.reporters.JUnitReportReporter -->
<testsuite hostname="MSI" failures="0" tests="1" name="com.org.testcases.loginTest" time="4.855" errors="0" timestamp="2024-03-20T23:56:09 IST" skipped="0">
  <testcase classname="com.org.testcases.loginTest" name="loginApp" time="4.855">
    <system-out>
      <![CDATA[Web URL verified
Login button Sucessfully clicked]]>
    </system-out>
  </testcase> <!-- loginApp -->
  <system-out>
    <![CDATA[Setting up reports and test is getting ready
Setting Done Test Can be started
Trying to start browser and getting application ready
Browser and application is up and running
Web URL verified
Login button Sucessfully clicked
Test about to end
Test Completed - Report Generated
Trying to start browser and getting application ready
Browser and application is up and running
Login button Sucessfully clicked
Test about to end
Test Completed - Report Generated]]>
  </system-out>
</testsuite> <!-- com.org.testcases.loginTest -->
