<?xml version="1.0" encoding="UTF-8"?>
<!-- Generated by org.testng.reporters.JUnitReportReporter -->
<testsuite hostname="MSI" failures="0" tests="1" name="com.org.testcases.DashboardTest" time="7.197" errors="0" timestamp="2024-04-04T00:06:43 IST" skipped="0">
  <testcase classname="com.org.testcases.DashboardTest" name="DashboardVerification" time="7.197">
    <system-out>
      <![CDATA[Login button Sucessfully clicked
Web Page launched correctly.. 
<br>Dashboard elements matched, correct user logged in 
<br> Result of the Test - DashboardVerification Exceuted - Pass]]>
    </system-out>
  </testcase> <!-- DashboardVerification -->
  <system-out>
    <![CDATA[Setting up reports and test is getting ready
Setting Done Test Can be started
Trying to start browser and getting application ready
Trying to start browser and getting application ready
Browser and application is up and running
Browser and application is up and running
Web URL verified
Login button Sucessfully clicked
Web Page launched correctly.. 
Login button Sucessfully clicked
<br> Result of the Test - loginApp Exceuted - Pass
Test about to end
Test Completed - Report Generated
<br>Dashboard elements matched, correct user logged in 
<br> Result of the Test - DashboardVerification Exceuted - Pass
Test about to end
Test Completed - Report Generated]]>
  </system-out>
</testsuite> <!-- com.org.testcases.DashboardTest -->
